# JRE version: OpenJDK Runtime Environment (8.0_242-b01) (build 1.8.0_242-release-1644-b01)
# Java VM: OpenJDK 64-Bit Server VM (25.242-b01 mixed mode windows-amd64 compressed oops)
Heap:
 PSYoungGen      total 512000K, used 73800K [0x00000000d5580000, 0x00000000f9280000, 0x0000000100000000)
  eden space 464896K, 6% used [0x00000000d5580000,0x00000000d751d380,0x00000000f1b80000)
  from space 47104K, 87% used [0x00000000f1b80000,0x00000000f43f4d78,0x00000000f4980000)
  to   space 51200K, 0% used [0x00000000f6080000,0x00000000f6080000,0x00000000f9280000)
 ParOldGen       total 305664K, used 73655K [0x0000000080000000, 0x0000000092a80000, 0x00000000d5580000)
  object space 305664K, 24% used [0x0000000080000000,0x00000000847ede08,0x0000000092a80000)
 Metaspace       used 137999K, capacity 150284K, committed 150424K, reserved 1179648K
  class space    used 17798K, capacity 20103K, committed 20144K, reserved 1048576K
GC Heap History (10 events):
Event: 3099.284 GC heap before
{Heap before GC invocations=25 (full 4):
 PSYoungGen      total 429568K, used 429546K [0x00000000d5580000, 0x00000000f3f00000, 0x0000000100000000)
  eden space 395264K, 100% used [0x00000000d5580000,0x00000000ed780000,0x00000000ed780000)
  from space 34304K, 99% used [0x00000000eff00000,0x00000000f207ab50,0x00000000f2080000)
  to   space 40448K, 0% used [0x00000000ed780000,0x00000000ed780000,0x00000000eff00000)
 ParOldGen       total 305664K, used 73615K [0x0000000080000000, 0x0000000092a80000, 0x00000000d5580000)
  object space 305664K, 24% used [0x0000000080000000,0x00000000847e3e08,0x0000000092a80000)
 Metaspace       used 121012K, capacity 129054K, committed 129304K, reserved 1161216K
  class space    used 15647K, capacity 17158K, committed 17200K, reserved 1048576K
Event: 3099.344 GC heap after
Heap after GC invocations=25 (full 4):
 PSYoungGen      total 435712K, used 24811K [0x00000000d5580000, 0x00000000f5580000, 0x0000000100000000)
  eden space 395264K, 0% used [0x00000000d5580000,0x00000000d5580000,0x00000000ed780000)
  from space 40448K, 61% used [0x00000000ed780000,0x00000000eefbad50,0x00000000eff00000)
  to   space 40448K, 0% used [0x00000000f2e00000,0x00000000f2e00000,0x00000000f5580000)
 ParOldGen       total 305664K, used 73623K [0x0000000080000000, 0x0000000092a80000, 0x00000000d5580000)
  object space 305664K, 24% used [0x0000000080000000,0x00000000847e5e08,0x0000000092a80000)
 Metaspace       used 121012K, capacity 129054K, committed 129304K, reserved 1161216K
  class space    used 15647K, capacity 17158K, committed 17200K, reserved 1048576K
}
Event: 3173.835 GC heap before
{Heap before GC invocations=26 (full 4):
 PSYoungGen      total 435712K, used 420075K [0x00000000d5580000, 0x00000000f5580000, 0x0000000100000000)
  eden space 395264K, 100% used [0x00000000d5580000,0x00000000ed780000,0x00000000ed780000)
  from space 40448K, 61% used [0x00000000ed780000,0x00000000eefbad50,0x00000000eff00000)
  to   space 40448K, 0% used [0x00000000f2e00000,0x00000000f2e00000,0x00000000f5580000)
 ParOldGen       total 305664K, used 73623K [0x0000000080000000, 0x0000000092a80000, 0x00000000d5580000)
  object space 305664K, 24% used [0x0000000080000000,0x00000000847e5e08,0x0000000092a80000)
 Metaspace       used 125448K, capacity 135804K, committed 135960K, reserved 1167360K
  class space    used 16266K, capacity 18125K, committed 18224K, reserved 1048576K
Event: 3173.885 GC heap after
Heap after GC invocations=26 (full 4):
 PSYoungGen      total 469504K, used 27989K [0x00000000d5580000, 0x00000000f4f80000, 0x0000000100000000)
  eden space 435200K, 0% used [0x00000000d5580000,0x00000000d5580000,0x00000000efe80000)
  from space 34304K, 81% used [0x00000000f2e00000,0x00000000f49557a8,0x00000000f4f80000)
  to   space 41472K, 0% used [0x00000000efe80000,0x00000000efe80000,0x00000000f2700000)
 ParOldGen       total 305664K, used 73631K [0x0000000080000000, 0x0000000092a80000, 0x00000000d5580000)
  object space 305664K, 24% used [0x0000000080000000,0x00000000847e7e08,0x0000000092a80000)
 Metaspace       used 125448K, capacity 135804K, committed 135960K, reserved 1167360K
  class space    used 16266K, capacity 18125K, committed 18224K, reserved 1048576K
}
Event: 3216.385 GC heap before
{Heap before GC invocations=27 (full 4):
 PSYoungGen      total 469504K, used 463189K [0x00000000d5580000, 0x00000000f4f80000, 0x0000000100000000)
  eden space 435200K, 100% used [0x00000000d5580000,0x00000000efe80000,0x00000000efe80000)
  from space 34304K, 81% used [0x00000000f2e00000,0x00000000f49557a8,0x00000000f4f80000)
  to   space 41472K, 0% used [0x00000000efe80000,0x00000000efe80000,0x00000000f2700000)
 ParOldGen       total 305664K, used 73631K [0x0000000080000000, 0x0000000092a80000, 0x00000000d5580000)
  object space 305664K, 24% used [0x0000000080000000,0x00000000847e7e08,0x0000000092a80000)
 Metaspace       used 130524K, capacity 141580K, committed 141848K, reserved 1171456K
  class space    used 16914K, capacity 18906K, committed 18992K, reserved 1048576K
Event: 3216.442 GC heap after
Heap after GC invocations=27 (full 4):
 PSYoungGen      total 476672K, used 36443K [0x00000000d5580000, 0x00000000f7b00000, 0x0000000100000000)
  eden space 435200K, 0% used [0x00000000d5580000,0x00000000d5580000,0x00000000efe80000)
  from space 41472K, 87% used [0x00000000efe80000,0x00000000f2216d70,0x00000000f2700000)
  to   space 45056K, 0% used [0x00000000f4f00000,0x00000000f4f00000,0x00000000f7b00000)
 ParOldGen       total 305664K, used 73639K [0x0000000080000000, 0x0000000092a80000, 0x00000000d5580000)
  object space 305664K, 24% used [0x0000000080000000,0x00000000847e9e08,0x0000000092a80000)
 Metaspace       used 130524K, capacity 141580K, committed 141848K, reserved 1171456K
  class space    used 16914K, capacity 18906K, committed 18992K, reserved 1048576K
}
Event: 3419.138 GC heap before
{Heap before GC invocations=28 (full 4):
 PSYoungGen      total 476672K, used 471643K [0x00000000d5580000, 0x00000000f7b00000, 0x0000000100000000)
  eden space 435200K, 100% used [0x00000000d5580000,0x00000000efe80000,0x00000000efe80000)
  from space 41472K, 87% used [0x00000000efe80000,0x00000000f2216d70,0x00000000f2700000)
  to   space 45056K, 0% used [0x00000000f4f00000,0x00000000f4f00000,0x00000000f7b00000)
 ParOldGen       total 305664K, used 73639K [0x0000000080000000, 0x0000000092a80000, 0x00000000d5580000)
  object space 305664K, 24% used [0x0000000080000000,0x00000000847e9e08,0x0000000092a80000)
 Metaspace       used 132924K, capacity 144426K, committed 144536K, reserved 1175552K
  class space    used 17159K, capacity 19314K, committed 19376K, reserved 1048576K
Event: 3419.183 GC heap after
Heap after GC invocations=28 (full 4):
 PSYoungGen      total 506368K, used 33178K [0x00000000d5580000, 0x00000000f7780000, 0x0000000100000000)
  eden space 464896K, 0% used [0x00000000d5580000,0x00000000d5580000,0x00000000f1b80000)
  from space 41472K, 80% used [0x00000000f4f00000,0x00000000f6f66830,0x00000000f7780000)
  to   space 47104K, 0% used [0x00000000f1b80000,0x00000000f1b80000,0x00000000f4980000)
 ParOldGen       total 305664K, used 73647K [0x0000000080000000, 0x0000000092a80000, 0x00000000d5580000)
  object space 305664K, 24% used [0x0000000080000000,0x00000000847ebe08,0x0000000092a80000)
 Metaspace       used 132924K, capacity 144426K, committed 144536K, reserved 1175552K
  class space    used 17159K, capacity 19314K, committed 19376K, reserved 1048576K
}
Event: 3502.313 GC heap before
{Heap before GC invocations=29 (full 4):
 PSYoungGen      total 506368K, used 498074K [0x00000000d5580000, 0x00000000f7780000, 0x0000000100000000)
  eden space 464896K, 100% used [0x00000000d5580000,0x00000000f1b80000,0x00000000f1b80000)
  from space 41472K, 80% used [0x00000000f4f00000,0x00000000f6f66830,0x00000000f7780000)
  to   space 47104K, 0% used [0x00000000f1b80000,0x00000000f1b80000,0x00000000f4980000)
 ParOldGen       total 305664K, used 73647K [0x0000000080000000, 0x0000000092a80000, 0x00000000d5580000)
  object space 305664K, 24% used [0x0000000080000000,0x00000000847ebe08,0x0000000092a80000)
 Metaspace       used 137893K, capacity 150138K, committed 150424K, reserved 1179648K
  class space    used 17787K, capacity 20100K, committed 20144K, reserved 1048576K
Event: 3502.359 GC heap after
Heap after GC invocations=29 (full 4):
 PSYoungGen      total 512000K, used 41427K [0x00000000d5580000, 0x00000000f9280000, 0x0000000100000000)
  eden space 464896K, 0% used [0x00000000d5580000,0x00000000d5580000,0x00000000f1b80000)
  from space 47104K, 87% used [0x00000000f1b80000,0x00000000f43f4d78,0x00000000f4980000)
  to   space 51200K, 0% used [0x00000000f6080000,0x00000000f6080000,0x00000000f9280000)
 ParOldGen       total 305664K, used 73655K [0x0000000080000000, 0x0000000092a80000, 0x00000000d5580000)
  object space 305664K, 24% used [0x0000000080000000,0x00000000847ede08,0x0000000092a80000)
 Metaspace       used 137893K, capacity 150138K, committed 150424K, reserved 1179648K
  class space    used 17787K, capacity 20100K, committed 20144K, reserved 1048576K
}

